2023-11-27 10:02:31,915 - INFO - Connecting to MongoDB.....
2023-11-27 10:02:32,453 - INFO -  - StoreInformation
2023-11-27 10:02:32,454 - INFO -  - admin
2023-11-27 10:02:32,454 - INFO -  - local
2023-11-27 10:02:32,480 - INFO - 
Collections in 'StoreInformation':
2023-11-27 10:02:32,480 - INFO -  - Stores
2023-11-27 10:02:32,503 - INFO - 
Collections in 'admin':
2023-11-27 10:02:32,527 - INFO - 
Collections in 'local':
2023-11-27 10:02:32,527 - INFO -  - oplog.rs
2023-11-27 10:02:32,552 - INFO - MongoDB client closed successfully.
2023-11-27 10:40:22,832 - INFO - Connecting to MongoDB.....
2023-11-27 10:40:23,402 - INFO -  - StoreInformation
2023-11-27 10:40:23,403 - INFO -  - admin
2023-11-27 10:40:23,403 - INFO -  - local
2023-11-27 10:40:23,428 - INFO - 
Collections in 'StoreInformation':
2023-11-27 10:40:23,428 - INFO -  - Stores
2023-11-27 10:40:23,454 - INFO - 
Collections in 'admin':
2023-11-27 10:40:23,479 - INFO - 
Collections in 'local':
2023-11-27 10:40:23,480 - INFO -  - oplog.rs
2023-11-27 10:40:23,504 - INFO - MongoDB client closed successfully.
2023-11-27 10:41:46,061 - INFO - Connecting to MongoDB.....
2023-11-27 10:41:46,436 - INFO -  - StoreInformation
2023-11-27 10:41:46,437 - INFO -  - admin
2023-11-27 10:41:46,437 - INFO -  - local
2023-11-27 10:41:46,458 - INFO - 
Collections in 'StoreInformation':
2023-11-27 10:41:46,459 - INFO -  - Stores
2023-11-27 10:41:46,481 - INFO - 
Collections in 'admin':
2023-11-27 10:41:46,503 - INFO - 
Collections in 'local':
2023-11-27 10:41:46,504 - INFO -  - oplog.rs
2023-11-27 10:41:46,525 - INFO - MongoDB client closed successfully.
